<?xml version="1.0" encoding="UTF-8"?>
<!-- Generated by org.testng.reporters.JUnitXMLReporter -->
<testsuite ignored="4" hostname="DESKTOP-0SKOQKT" failures="0" tests="1" name="MvnSelNg" time="1.949" errors="0" timestamp="2022-03-09T16:59:50 CST">
  <testcase classname="HRM.Login.LoginPageTest" name="@BeforeMethod setup" time="1.874">
    <failure type="org.openqa.selenium.SessionNotCreatedException" message="session not created: This version of ChromeDriver only supports Chrome version 97
Current browser version is 99.0.4844.51 with binary path C:\Program Files\Google\Chrome\Application\chrome.exe
Build info: version: &amp;apos;3.141.59&amp;apos;, revision: &amp;apos;e82be7d358&amp;apos;, time: &amp;apos;2018-11-14T08:17:03&amp;apos;
System info: host: &amp;apos;DESKTOP-0SKOQKT&amp;apos;, ip: &amp;apos;10.1.10.128&amp;apos;, os.name: &amp;apos;Windows 10&amp;apos;, os.arch: &amp;apos;amd64&amp;apos;, os.version: &amp;apos;10.0&amp;apos;, java.version: &amp;apos;17&amp;apos;
Driver info: driver.version: ChromeDriver
remote stacktrace: Backtrace:
	Ordinal0 [0x00B4FDC3+2555331]
	Ordinal0 [0x00AE77F1+2127857]
	Ordinal0 [0x009E2E08+1060360]
	Ordinal0 [0x00A019CA+1186250]
	Ordinal0 [0x009FD825+1169445]
	Ordinal0 [0x009FAFC1+1159105]
	Ordinal0 [0x00A2C22F+1360431]
	Ordinal0 [0x00A2BE9A+1359514]
	Ordinal0 [0x00A27976+1341814]
	Ordinal0 [0x00A036B6+1193654]
	Ordinal0 [0x00A04546+1197382]
	GetHandleVerifier [0x00CE9622+1619522]
	GetHandleVerifier [0x00D9882C+2336844]
	GetHandleVerifier [0x00BE23E1+541697]
	GetHandleVerifier [0x00BE1443+537699]
	Ordinal0 [0x00AED18E+2150798]
	Ordinal0 [0x00AF1518+2168088]
	Ordinal0 [0x00AF1660+2168416]
	Ordinal0 [0x00AFB330+2208560]
	BaseThreadInitThunk [0x7615FA29+25]
	RtlGetAppContainerNamedObjectPath [0x77CA7A7E+286]
	RtlGetAppContainerNamedObjectPath [0x77CA7A4E+238]
">
      <![CDATA[org.openqa.selenium.SessionNotCreatedException: session not created: This version of ChromeDriver only supports Chrome version 97
Current browser version is 99.0.4844.51 with binary path C:\Program Files\Google\Chrome\Application\chrome.exe
Build info: version: '3.141.59', revision: 'e82be7d358', time: '2018-11-14T08:17:03'
System info: host: 'DESKTOP-0SKOQKT', ip: '10.1.10.128', os.name: 'Windows 10', os.arch: 'amd64', os.version: '10.0', java.version: '17'
Driver info: driver.version: ChromeDriver
remote stacktrace: Backtrace:
Ordinal0 [0x00B4FDC3+2555331]
Ordinal0 [0x00AE77F1+2127857]
Ordinal0 [0x009E2E08+1060360]
Ordinal0 [0x00A019CA+1186250]
Ordinal0 [0x009FD825+1169445]
Ordinal0 [0x009FAFC1+1159105]
Ordinal0 [0x00A2C22F+1360431]
Ordinal0 [0x00A2BE9A+1359514]
Ordinal0 [0x00A27976+1341814]
Ordinal0 [0x00A036B6+1193654]
Ordinal0 [0x00A04546+1197382]
GetHandleVerifier [0x00CE9622+1619522]
GetHandleVerifier [0x00D9882C+2336844]
GetHandleVerifier [0x00BE23E1+541697]
GetHandleVerifier [0x00BE1443+537699]
Ordinal0 [0x00AED18E+2150798]
Ordinal0 [0x00AF1518+2168088]
Ordinal0 [0x00AF1660+2168416]
Ordinal0 [0x00AFB330+2208560]
BaseThreadInitThunk [0x7615FA29+25]
RtlGetAppContainerNamedObjectPath [0x77CA7A7E+286]
RtlGetAppContainerNamedObjectPath [0x77CA7A4E+238]

at org.openqa.selenium.remote.W3CHandshakeResponse.lambda$errorHandler$0(W3CHandshakeResponse.java:62)
at org.openqa.selenium.remote.HandshakeResponse.lambda$getResponseFunction$0(HandshakeResponse.java:30)
at org.openqa.selenium.remote.ProtocolHandshake.lambda$createSession$0(ProtocolHandshake.java:126)
at java.base/java.util.stream.ReferencePipeline$3$1.accept(ReferencePipeline.java:197)
at java.base/java.util.Spliterators$ArraySpliterator.tryAdvance(Spliterators.java:1002)
at java.base/java.util.stream.ReferencePipeline.forEachWithCancel(ReferencePipeline.java:129)
at java.base/java.util.stream.AbstractPipeline.copyIntoWithCancel(AbstractPipeline.java:527)
at java.base/java.util.stream.AbstractPipeline.copyInto(AbstractPipeline.java:513)
at java.base/java.util.stream.AbstractPipeline.wrapAndCopyInto(AbstractPipeline.java:499)
at java.base/java.util.stream.FindOps$FindOp.evaluateSequential(FindOps.java:150)
at java.base/java.util.stream.AbstractPipeline.evaluate(AbstractPipeline.java:234)
at java.base/java.util.stream.ReferencePipeline.findFirst(ReferencePipeline.java:647)
at org.openqa.selenium.remote.ProtocolHandshake.createSession(ProtocolHandshake.java:128)
at org.openqa.selenium.remote.ProtocolHandshake.createSession(ProtocolHandshake.java:74)
at org.openqa.selenium.remote.HttpCommandExecutor.execute(HttpCommandExecutor.java:136)
at org.openqa.selenium.remote.service.DriverCommandExecutor.execute(DriverCommandExecutor.java:83)
at org.openqa.selenium.remote.RemoteWebDriver.execute(RemoteWebDriver.java:552)
at org.openqa.selenium.remote.RemoteWebDriver.startSession(RemoteWebDriver.java:213)
at org.openqa.selenium.remote.RemoteWebDriver.<init>(RemoteWebDriver.java:131)
at org.openqa.selenium.chrome.ChromeDriver.<init>(ChromeDriver.java:181)
at org.openqa.selenium.chrome.ChromeDriver.<init>(ChromeDriver.java:168)
at org.openqa.selenium.chrome.ChromeDriver.<init>(ChromeDriver.java:123)
at HRM.Login.LoginPageTest.setup(LoginPageTest.java:27)
at java.base/java.util.ArrayList.forEach(ArrayList.java:1511)
at com.intellij.rt.testng.IDEARemoteTestNG.run(IDEARemoteTestNG.java:66)
at com.intellij.rt.testng.RemoteTestNGStarter.main(RemoteTestNGStarter.java:109)
... Removed 33 stack frames]]>
    </failure>
  </testcase> <!-- @BeforeMethod setup -->
  <testcase classname="HRM.Login.LoginPageTest" name="verify_user_able_to_login_with_valid_credentials" time="0.001">
    <skipped/>
  </testcase> <!-- verify_user_able_to_login_with_valid_credentials -->
  <testcase classname="HRM.Login.LoginPageTest" name="verify_user_not_able_to_login_with_empty_username" time="0.0">
    <ignored/>
  </testcase> <!-- verify_user_not_able_to_login_with_empty_username -->
  <testcase classname="HRM.Login.LoginPageTest" name="verify_user_not_able_to_login_with_invalid_username" time="0.0">
    <ignored/>
  </testcase> <!-- verify_user_not_able_to_login_with_invalid_username -->
  <testcase classname="HRM.Login.LoginPageTest" name="verify_user_is_able_to_login" time="0.0">
    <ignored/>
  </testcase> <!-- verify_user_is_able_to_login -->
  <testcase classname="HRM.Login.LoginPageTest" name="verify_user_not_able_to_login_with_empty_password" time="0.0">
    <ignored/>
  </testcase> <!-- verify_user_not_able_to_login_with_empty_password -->
</testsuite> <!-- MvnSelNg -->
